<?xml version="1.0" encoding="UTF-8"?>
<!-- Generated by org.testng.reporters.JUnitReportReporter -->
<testsuite hostname="SanaZehra" failures="0" tests="6" name="test.UserTestWithDataProvider" time="22.469" errors="0" timestamp="2025-02-27T20:26:23 PST" skipped="0">
  <testcase classname="test.UserTestWithDataProvider" name="testPostData" time="1.359"/>
  <testcase classname="test.UserTestWithDataProvider" name="testPostData" time="1.533"/>
  <testcase classname="test.UserTestWithDataProvider" name="testPostData" time="14.854"/>
  <testcase classname="test.UserTestWithDataProvider" name="testGetData" time="1.530"/>
  <testcase classname="test.UserTestWithDataProvider" name="testGetData" time="1.525"/>
  <testcase classname="test.UserTestWithDataProvider" name="testGetData" time="1.668"/>
</testsuite> <!-- test.UserTestWithDataProvider -->
